---------------------------------------------------------------------------------------------

STARTING DOWNLOAD OF MERCATOR FORECAST
---------------------------------------------------------------------------------------------
Creating config file for today...
Configs:{ 

[Main]  
user=lglasner
pwd=kpt6yrnsRvVm
motu=https://nrt.cmems-du.eu/motu-web/Motu  
service_id=GLOBAL_ANALYSISFORECAST_WAV_001_027-TDS
product_id=cmems_mod_glo_wav_anfc_0.083deg_PT3H-i
date_min=2023-01-03 00:00
date_max=2023-01-12 23:59
latitude_min=-40  
latitude_max=-15  
longitude_min=-80  
longitude_max=-70    
variable=VHM0,VTPK,VMDR
out_dir=. 
out_name=2023-01-03.nc   
log_level=20 




}
Forecast for today already exists!
Checking forecast file integrity...
Forecast file isnt complete, downloading again...
2023-01-03 09:30:01.291 [ INFO] Asynchronous mode set
2023-01-03 09:30:01.292 [ INFO] Authenticating user lglasner for service https://nrt.cmems-du.eu/motu-web/Motu
2023-01-03 09:30:07.191 [ INFO] Requesting file to download (this can take a while)...
2023-01-03 09:30:14.324 [ INFO] Authenticating user lglasner for service https://nrt.cmems-du.eu/motu-web/Motu
2023-01-03 09:30:25.273 [ INFO] The product is ready for download
2023-01-03 09:30:25.274 [ INFO] Downloading file (this can take a while)...
2023-01-03 09:30:26.183 [ INFO] File type: application/x-netcdf
2023-01-03 09:30:26.183 [ INFO] File size: 3.7 MB (3722284 B)
2023-01-03 09:30:26.183 [ INFO] Downloading file /storage/lucas/FORECAST/MERCATOR/WAVES/2023-01-03.nc
2023-01-03 09:30:26.611 [ INFO] -   3.7 MB (1.8%)
2023-01-03 09:30:26.827 [ INFO] -   3.7 MB (3.5%)
2023-01-03 09:30:27.049 [ INFO] -   3.7 MB (5.3%)
2023-01-03 09:30:27.050 [ INFO] -   3.7 MB (7.0%)
2023-01-03 09:30:27.050 [ INFO] -   3.7 MB (8.8%)
2023-01-03 09:30:27.264 [ INFO] -   3.7 MB (10.6%)
2023-01-03 09:30:27.270 [ INFO] -   3.7 MB (12.3%)
2023-01-03 09:30:27.479 [ INFO] -   3.7 MB (14.1%)
2023-01-03 09:30:27.486 [ INFO] -   3.7 MB (15.8%)
2023-01-03 09:30:27.692 [ INFO] -   3.7 MB (17.6%)
2023-01-03 09:30:27.908 [ INFO] -   3.7 MB (19.4%)
2023-01-03 09:30:27.908 [ INFO] -   3.7 MB (21.1%)
2023-01-03 09:30:27.912 [ INFO] -   3.7 MB (22.9%)
2023-01-03 09:30:28.121 [ INFO] -   3.7 MB (24.6%)
2023-01-03 09:30:28.135 [ INFO] -   3.7 MB (26.4%)
2023-01-03 09:30:28.346 [ INFO] -   3.7 MB (28.2%)
2023-01-03 09:30:28.533 [ INFO] -   3.7 MB (29.9%)
2023-01-03 09:30:28.562 [ INFO] -   3.7 MB (31.7%)
2023-01-03 09:30:28.770 [ INFO] -   3.7 MB (33.5%)
2023-01-03 09:30:28.778 [ INFO] -   3.7 MB (35.2%)
2023-01-03 09:30:28.985 [ INFO] -   3.7 MB (37.0%)
2023-01-03 09:30:28.993 [ INFO] -   3.7 MB (38.7%)
2023-01-03 09:30:29.201 [ INFO] -   3.7 MB (40.5%)
2023-01-03 09:30:29.388 [ INFO] -   3.7 MB (42.3%)
2023-01-03 09:30:29.417 [ INFO] -   3.7 MB (44.0%)
2023-01-03 09:30:29.602 [ INFO] -   3.7 MB (45.8%)
2023-01-03 09:30:29.643 [ INFO] -   3.7 MB (47.5%)
2023-01-03 09:30:29.818 [ INFO] -   3.7 MB (49.3%)
2023-01-03 09:30:29.858 [ INFO] -   3.7 MB (51.1%)
2023-01-03 09:30:30.065 [ INFO] -   3.7 MB (52.8%)
2023-01-03 09:30:30.073 [ INFO] -   3.7 MB (54.6%)
2023-01-03 09:30:30.280 [ INFO] -   3.7 MB (56.3%)
2023-01-03 09:30:30.291 [ INFO] -   3.7 MB (58.1%)
2023-01-03 09:30:30.495 [ INFO] -   3.7 MB (59.9%)
2023-01-03 09:30:30.507 [ INFO] -   3.7 MB (61.6%)
2023-01-03 09:30:30.710 [ INFO] -   3.7 MB (63.4%)
2023-01-03 09:30:30.722 [ INFO] -   3.7 MB (65.1%)
2023-01-03 09:30:30.926 [ INFO] -   3.7 MB (66.9%)
2023-01-03 09:30:31.009 [ INFO] -   3.7 MB (68.7%)
2023-01-03 09:30:31.141 [ INFO] -   3.7 MB (70.4%)
2023-01-03 09:30:31.314 [ INFO] -   3.7 MB (72.2%)
2023-01-03 09:30:31.358 [ INFO] -   3.7 MB (73.9%)
2023-01-03 09:30:31.528 [ INFO] -   3.7 MB (75.7%)
2023-01-03 09:30:31.573 [ INFO] -   3.7 MB (77.5%)
2023-01-03 09:30:31.743 [ INFO] -   3.7 MB (79.2%)
2023-01-03 09:30:31.787 [ INFO] -   3.7 MB (81.0%)
2023-01-03 09:30:31.990 [ INFO] -   3.7 MB (82.8%)
2023-01-03 09:30:32.009 [ INFO] -   3.7 MB (84.5%)
2023-01-03 09:30:32.207 [ INFO] -   3.7 MB (86.3%)
2023-01-03 09:30:32.225 [ INFO] -   3.7 MB (88.0%)
2023-01-03 09:30:32.428 [ INFO] -   3.7 MB (89.8%)
2023-01-03 09:30:32.440 [ INFO] -   3.7 MB (91.6%)
2023-01-03 09:30:32.643 [ INFO] -   3.7 MB (93.3%)
2023-01-03 09:30:32.686 [ INFO] -   3.7 MB (95.1%)
2023-01-03 09:30:32.857 [ INFO] -   3.7 MB (96.8%)
2023-01-03 09:30:32.935 [ INFO] -   3.7 MB (98.6%)
2023-01-03 09:30:33.069 [ INFO] -   3.7 MB (100.0%)
2023-01-03 09:30:33.069 [ INFO] Processing  time : 0:00:24.891950
2023-01-03 09:30:33.069 [ INFO] Downloading time : 0:00:06.885817
2023-01-03 09:30:33.069 [ INFO] Total time       : 0:00:31.777767
2023-01-03 09:30:33.070 [ INFO] Download rate    : 477.5 kB/s
2023-01-03 09:30:33.093 [ INFO] Done

Hindcast for today already exists!
Done


---------------------------------------------------------------------------------------------
Checking data for the last 10 days...

---------------------------------------------------------------------------------------------

Checking forecast for 1 days ago...
Creating config file for 1 days ago...
Configs:{ 

[Main]  
user=lglasner
pwd=kpt6yrnsRvVm
motu=https://nrt.cmems-du.eu/motu-web/Motu  
service_id=GLOBAL_ANALYSISFORECAST_WAV_001_027-TDS
product_id=cmems_mod_glo_wav_anfc_0.083deg_PT3H-i
date_min=2023-01-02 00:00
date_max=2023-01-11 23:59
latitude_min=-40  
latitude_max=-15  
longitude_min=-80  
longitude_max=-70    
variable=VHM0,VTPK,VMDR
out_dir=. 
out_name=2023-01-02.nc   
log_level=20 




}
Forecast data for 1 days ago already exists!
Checking file integrity...
Forecast file isnt complete, downloading again...
2023-01-03 09:30:33.394 [ INFO] Asynchronous mode set
2023-01-03 09:30:33.395 [ INFO] Authenticating user lglasner for service https://nrt.cmems-du.eu/motu-web/Motu
2023-01-03 09:30:37.507 [ INFO] Requesting file to download (this can take a while)...
2023-01-03 09:30:44.530 [ INFO] Authenticating user lglasner for service https://nrt.cmems-du.eu/motu-web/Motu
2023-01-03 09:30:55.531 [ INFO] The product is ready for download
2023-01-03 09:30:55.531 [ INFO] Downloading file (this can take a while)...
2023-01-03 09:30:56.429 [ INFO] File type: application/x-netcdf
2023-01-03 09:30:56.429 [ INFO] File size: 5.5 MB (5470556 B)
2023-01-03 09:30:56.429 [ INFO] Downloading file /storage/lucas/FORECAST/MERCATOR/WAVES/2023-01-02.nc
2023-01-03 09:30:56.859 [ INFO] -   5.5 MB (1.2%)
2023-01-03 09:30:57.076 [ INFO] -   5.5 MB (2.4%)
2023-01-03 09:30:57.287 [ INFO] -   5.5 MB (3.6%)
2023-01-03 09:30:57.293 [ INFO] -   5.5 MB (4.8%)
2023-01-03 09:30:57.503 [ INFO] -   5.5 MB (6.0%)
2023-01-03 09:30:57.509 [ INFO] -   5.5 MB (7.2%)
2023-01-03 09:30:57.722 [ INFO] -   5.5 MB (8.4%)
2023-01-03 09:30:57.734 [ INFO] -   5.5 MB (9.6%)
2023-01-03 09:30:57.937 [ INFO] -   5.5 MB (10.8%)
2023-01-03 09:30:57.948 [ INFO] -   5.5 MB (12.0%)
2023-01-03 09:30:58.151 [ INFO] -   5.5 MB (13.2%)
2023-01-03 09:30:58.161 [ INFO] -   5.5 MB (14.4%)
2023-01-03 09:30:58.364 [ INFO] -   5.5 MB (15.6%)
2023-01-03 09:30:58.379 [ INFO] -   5.5 MB (16.8%)
2023-01-03 09:30:58.576 [ INFO] -   5.5 MB (18.0%)
2023-01-03 09:30:58.591 [ INFO] -   5.5 MB (19.2%)
2023-01-03 09:30:58.687 [ INFO] -   5.5 MB (20.4%)
2023-01-03 09:30:58.803 [ INFO] -   5.5 MB (21.6%)
2023-01-03 09:30:58.815 [ INFO] -   5.5 MB (22.8%)
2023-01-03 09:30:59.013 [ INFO] -   5.5 MB (24.0%)
2023-01-03 09:30:59.022 [ INFO] -   5.5 MB (25.2%)
2023-01-03 09:30:59.032 [ INFO] -   5.5 MB (26.4%)
2023-01-03 09:30:59.231 [ INFO] -   5.5 MB (27.6%)
2023-01-03 09:30:59.242 [ INFO] -   5.5 MB (28.8%)
2023-01-03 09:30:59.439 [ INFO] -   5.5 MB (29.9%)
2023-01-03 09:30:59.448 [ INFO] -   5.5 MB (31.1%)
2023-01-03 09:30:59.457 [ INFO] -   5.5 MB (32.3%)
2023-01-03 09:30:59.654 [ INFO] -   5.5 MB (33.5%)
2023-01-03 09:30:59.662 [ INFO] -   5.5 MB (34.7%)
2023-01-03 09:30:59.671 [ INFO] -   5.5 MB (35.9%)
2023-01-03 09:30:59.759 [ INFO] -   5.5 MB (37.1%)
2023-01-03 09:30:59.884 [ INFO] -   5.5 MB (38.3%)
2023-01-03 09:30:59.901 [ INFO] -   5.5 MB (39.5%)
2023-01-03 09:30:59.909 [ INFO] -   5.5 MB (40.7%)
2023-01-03 09:31:00.093 [ INFO] -   5.5 MB (41.9%)
2023-01-03 09:31:00.106 [ INFO] -   5.5 MB (43.1%)
2023-01-03 09:31:00.120 [ INFO] -   5.5 MB (44.3%)
2023-01-03 09:31:00.188 [ INFO] -   5.5 MB (45.5%)
2023-01-03 09:31:00.313 [ INFO] -   5.5 MB (46.7%)
2023-01-03 09:31:00.325 [ INFO] -   5.5 MB (47.9%)
2023-01-03 09:31:00.337 [ INFO] -   5.5 MB (49.1%)
2023-01-03 09:31:00.515 [ INFO] -   5.5 MB (50.3%)
2023-01-03 09:31:00.528 [ INFO] -   5.5 MB (51.5%)
2023-01-03 09:31:00.540 [ INFO] -   5.5 MB (52.7%)
2023-01-03 09:31:00.552 [ INFO] -   5.5 MB (53.9%)
2023-01-03 09:31:00.727 [ INFO] -   5.5 MB (55.1%)
2023-01-03 09:31:00.741 [ INFO] -   5.5 MB (56.3%)
2023-01-03 09:31:00.753 [ INFO] -   5.5 MB (57.5%)
2023-01-03 09:31:00.764 [ INFO] -   5.5 MB (58.7%)
2023-01-03 09:31:00.790 [ INFO] -   5.5 MB (59.9%)
2023-01-03 09:31:00.960 [ INFO] -   5.5 MB (61.1%)
2023-01-03 09:31:00.976 [ INFO] -   5.5 MB (62.3%)
2023-01-03 09:31:00.998 [ INFO] -   5.5 MB (63.5%)
2023-01-03 09:31:01.007 [ INFO] -   5.5 MB (64.7%)
2023-01-03 09:31:01.163 [ INFO] -   5.5 MB (65.9%)
2023-01-03 09:31:01.181 [ INFO] -   5.5 MB (67.1%)
2023-01-03 09:31:01.198 [ INFO] -   5.5 MB (68.3%)
2023-01-03 09:31:01.215 [ INFO] -   5.5 MB (69.5%)
2023-01-03 09:31:01.227 [ INFO] -   5.5 MB (70.7%)
2023-01-03 09:31:01.383 [ INFO] -   5.5 MB (71.9%)
2023-01-03 09:31:01.397 [ INFO] -   5.5 MB (73.1%)
2023-01-03 09:31:01.413 [ INFO] -   5.5 MB (74.3%)
2023-01-03 09:31:01.430 [ INFO] -   5.5 MB (75.5%)
2023-01-03 09:31:01.440 [ INFO] -   5.5 MB (76.7%)
2023-01-03 09:31:01.593 [ INFO] -   5.5 MB (77.9%)
2023-01-03 09:31:01.611 [ INFO] -   5.5 MB (79.1%)
2023-01-03 09:31:01.625 [ INFO] -   5.5 MB (80.3%)
2023-01-03 09:31:01.642 [ INFO] -   5.5 MB (81.5%)
2023-01-03 09:31:01.653 [ INFO] -   5.5 MB (82.7%)
2023-01-03 09:31:01.716 [ INFO] -   5.5 MB (83.9%)
2023-01-03 09:31:01.821 [ INFO] -   5.5 MB (85.1%)
2023-01-03 09:31:01.834 [ INFO] -   5.5 MB (86.3%)
2023-01-03 09:31:01.846 [ INFO] -   5.5 MB (87.5%)
2023-01-03 09:31:01.866 [ INFO] -   5.5 MB (88.7%)
2023-01-03 09:31:01.886 [ INFO] -   5.5 MB (89.8%)
2023-01-03 09:31:02.021 [ INFO] -   5.5 MB (91.0%)
2023-01-03 09:31:02.041 [ INFO] -   5.5 MB (92.2%)
2023-01-03 09:31:02.050 [ INFO] -   5.5 MB (93.4%)
2023-01-03 09:31:02.062 [ INFO] -   5.5 MB (94.6%)
2023-01-03 09:31:02.081 [ INFO] -   5.5 MB (95.8%)
2023-01-03 09:31:02.102 [ INFO] -   5.5 MB (97.0%)
2023-01-03 09:31:02.236 [ INFO] -   5.5 MB (98.2%)
2023-01-03 09:31:02.254 [ INFO] -   5.5 MB (99.4%)
2023-01-03 09:31:02.256 [ INFO] -   5.5 MB (100.0%)
2023-01-03 09:31:02.256 [ INFO] Processing  time : 0:00:23.035153
2023-01-03 09:31:02.257 [ INFO] Downloading time : 0:00:05.827203
2023-01-03 09:31:02.257 [ INFO] Total time       : 0:00:28.862356
2023-01-03 09:31:02.257 [ INFO] Download rate    : 813.4 kB/s
2023-01-03 09:31:02.259 [ INFO] Done
Hindcast data for 2 days ago already exists!
Done

---------------------------------------------------------------------------------------------

Checking forecast for 2 days ago...
Creating config file for 2 days ago...
Configs:{ 

[Main]  
user=lglasner
pwd=kpt6yrnsRvVm
motu=https://nrt.cmems-du.eu/motu-web/Motu  
service_id=GLOBAL_ANALYSISFORECAST_WAV_001_027-TDS
product_id=cmems_mod_glo_wav_anfc_0.083deg_PT3H-i
date_min=2023-01-01 00:00
date_max=2023-01-10 23:59
latitude_min=-40  
latitude_max=-15  
longitude_min=-80  
longitude_max=-70    
variable=VHM0,VTPK,VMDR
out_dir=. 
out_name=2023-01-01.nc   
log_level=20 




}
Forecast data for 2 days ago already exists!
Checking file integrity...
Forecast file isnt complete, downloading again...
2023-01-03 09:31:02.546 [ INFO] Asynchronous mode set
2023-01-03 09:31:02.546 [ INFO] Authenticating user lglasner for service https://nrt.cmems-du.eu/motu-web/Motu
2023-01-03 09:31:06.626 [ INFO] Requesting file to download (this can take a while)...
2023-01-03 09:31:13.612 [ INFO] Authenticating user lglasner for service https://nrt.cmems-du.eu/motu-web/Motu
2023-01-03 09:31:24.515 [ INFO] The product is ready for download
2023-01-03 09:31:24.515 [ INFO] Downloading file (this can take a while)...
2023-01-03 09:31:25.426 [ INFO] File type: application/x-netcdf
2023-01-03 09:31:25.426 [ INFO] File size: 7.2 MB (7218828 B)
2023-01-03 09:31:25.427 [ INFO] Downloading file /storage/lucas/FORECAST/MERCATOR/WAVES/2023-01-01.nc
2023-01-03 09:31:26.072 [ INFO] -   7.2 MB (1.8%)
2023-01-03 09:31:26.287 [ INFO] -   7.2 MB (3.6%)
2023-01-03 09:31:26.299 [ INFO] -   7.2 MB (5.4%)
2023-01-03 09:31:26.506 [ INFO] -   7.2 MB (7.3%)
2023-01-03 09:31:26.710 [ INFO] -   7.2 MB (9.1%)
2023-01-03 09:31:26.724 [ INFO] -   7.2 MB (10.9%)
2023-01-03 09:31:26.947 [ INFO] -   7.2 MB (12.7%)
2023-01-03 09:31:26.948 [ INFO] -   7.2 MB (14.5%)
2023-01-03 09:31:27.141 [ INFO] -   7.2 MB (16.3%)
2023-01-03 09:31:27.172 [ INFO] -   7.2 MB (18.2%)
2023-01-03 09:31:27.354 [ INFO] -   7.2 MB (20.0%)
2023-01-03 09:31:27.388 [ INFO] -   7.2 MB (21.8%)
2023-01-03 09:31:27.403 [ INFO] -   7.2 MB (23.6%)
2023-01-03 09:31:27.600 [ INFO] -   7.2 MB (25.4%)
2023-01-03 09:31:27.614 [ INFO] -   7.2 MB (27.2%)
2023-01-03 09:31:27.808 [ INFO] -   7.2 MB (29.1%)
2023-01-03 09:31:27.822 [ INFO] -   7.2 MB (30.9%)
2023-01-03 09:31:27.995 [ INFO] -   7.2 MB (32.7%)
2023-01-03 09:31:28.028 [ INFO] -   7.2 MB (34.5%)
2023-01-03 09:31:28.061 [ INFO] -   7.2 MB (36.3%)
2023-01-03 09:31:28.231 [ INFO] -   7.2 MB (38.1%)
2023-01-03 09:31:28.245 [ INFO] -   7.2 MB (39.9%)
2023-01-03 09:31:28.282 [ INFO] -   7.2 MB (41.8%)
2023-01-03 09:31:28.468 [ INFO] -   7.2 MB (43.6%)
2023-01-03 09:31:28.483 [ INFO] -   7.2 MB (45.4%)
2023-01-03 09:31:28.502 [ INFO] -   7.2 MB (47.2%)
2023-01-03 09:31:28.649 [ INFO] -   7.2 MB (49.0%)
2023-01-03 09:31:28.695 [ INFO] -   7.2 MB (50.8%)
2023-01-03 09:31:28.711 [ INFO] -   7.2 MB (52.7%)
2023-01-03 09:31:28.727 [ INFO] -   7.2 MB (54.5%)
2023-01-03 09:31:28.904 [ INFO] -   7.2 MB (56.3%)
2023-01-03 09:31:28.920 [ INFO] -   7.2 MB (58.1%)
2023-01-03 09:31:28.936 [ INFO] -   7.2 MB (59.9%)
2023-01-03 09:31:29.109 [ INFO] -   7.2 MB (61.7%)
2023-01-03 09:31:29.125 [ INFO] -   7.2 MB (63.5%)
2023-01-03 09:31:29.140 [ INFO] -   7.2 MB (65.4%)
2023-01-03 09:31:29.162 [ INFO] -   7.2 MB (67.2%)
2023-01-03 09:31:29.329 [ INFO] -   7.2 MB (69.0%)
2023-01-03 09:31:29.352 [ INFO] -   7.2 MB (70.8%)
2023-01-03 09:31:29.373 [ INFO] -   7.2 MB (72.6%)
2023-01-03 09:31:29.391 [ INFO] -   7.2 MB (74.4%)
2023-01-03 09:31:29.544 [ INFO] -   7.2 MB (76.3%)
2023-01-03 09:31:29.566 [ INFO] -   7.2 MB (78.1%)
2023-01-03 09:31:29.586 [ INFO] -   7.2 MB (79.9%)
2023-01-03 09:31:29.603 [ INFO] -   7.2 MB (81.7%)
2023-01-03 09:31:29.755 [ INFO] -   7.2 MB (83.5%)
2023-01-03 09:31:29.775 [ INFO] -   7.2 MB (85.3%)
2023-01-03 09:31:29.796 [ INFO] -   7.2 MB (87.2%)
2023-01-03 09:31:29.812 [ INFO] -   7.2 MB (89.0%)
2023-01-03 09:31:29.932 [ INFO] -   7.2 MB (90.8%)
2023-01-03 09:31:29.980 [ INFO] -   7.2 MB (92.6%)
2023-01-03 09:31:30.000 [ INFO] -   7.2 MB (94.4%)
2023-01-03 09:31:30.017 [ INFO] -   7.2 MB (96.2%)
2023-01-03 09:31:30.039 [ INFO] -   7.2 MB (98.0%)
2023-01-03 09:31:30.181 [ INFO] -   7.2 MB (99.9%)
2023-01-03 09:31:30.181 [ INFO] -   7.2 MB (100.0%)
2023-01-03 09:31:30.182 [ INFO] Processing  time : 0:00:22.880977
2023-01-03 09:31:30.182 [ INFO] Downloading time : 0:00:04.755174
2023-01-03 09:31:30.182 [ INFO] Total time       : 0:00:27.636151
2023-01-03 09:31:30.182 [ INFO] Download rate    : 1.3 MB/s
2023-01-03 09:31:30.216 [ INFO] Done
Hindcast data for 3 days ago already exists!
Done

---------------------------------------------------------------------------------------------

Checking forecast for 3 days ago...
Creating config file for 3 days ago...
Configs:{ 

[Main]  
user=lglasner
pwd=kpt6yrnsRvVm
motu=https://nrt.cmems-du.eu/motu-web/Motu  
service_id=GLOBAL_ANALYSISFORECAST_WAV_001_027-TDS
product_id=cmems_mod_glo_wav_anfc_0.083deg_PT3H-i
date_min=2022-12-31 00:00
date_max=2023-01-09 23:59
latitude_min=-40  
latitude_max=-15  
longitude_min=-80  
longitude_max=-70    
variable=VHM0,VTPK,VMDR
out_dir=. 
out_name=2022-12-31.nc   
log_level=20 




}
Forecast data for 3 days ago already exists!
Checking file integrity...
Forecast file isnt complete, downloading again...
2023-01-03 09:31:30.492 [ INFO] Asynchronous mode set
2023-01-03 09:31:30.493 [ INFO] Authenticating user lglasner for service https://nrt.cmems-du.eu/motu-web/Motu
2023-01-03 09:31:34.558 [ INFO] Requesting file to download (this can take a while)...
2023-01-03 09:31:41.506 [ INFO] Authenticating user lglasner for service https://nrt.cmems-du.eu/motu-web/Motu
2023-01-03 09:31:52.550 [ INFO] The product is ready for download
2023-01-03 09:31:52.550 [ INFO] Downloading file (this can take a while)...
2023-01-03 09:31:53.736 [ INFO] File type: application/x-netcdf
2023-01-03 09:31:53.736 [ INFO] File size: 9.0 MB (8967100 B)
2023-01-03 09:31:53.737 [ INFO] Downloading file /storage/lucas/FORECAST/MERCATOR/WAVES/2022-12-31.nc
2023-01-03 09:31:54.196 [ INFO] -   9.0 MB (1.5%)
2023-01-03 09:31:54.426 [ INFO] -   9.0 MB (2.9%)
2023-01-03 09:31:54.649 [ INFO] -   9.0 MB (4.4%)
2023-01-03 09:31:54.664 [ INFO] -   9.0 MB (5.8%)
2023-01-03 09:31:54.680 [ INFO] -   9.0 MB (7.3%)
2023-01-03 09:31:54.883 [ INFO] -   9.0 MB (8.8%)
2023-01-03 09:31:54.904 [ INFO] -   9.0 MB (10.2%)
2023-01-03 09:31:55.103 [ INFO] -   9.0 MB (11.7%)
2023-01-03 09:31:55.115 [ INFO] -   9.0 MB (13.2%)
2023-01-03 09:31:55.135 [ INFO] -   9.0 MB (14.6%)
2023-01-03 09:31:55.332 [ INFO] -   9.0 MB (16.1%)
2023-01-03 09:31:55.344 [ INFO] -   9.0 MB (17.5%)
2023-01-03 09:31:55.362 [ INFO] -   9.0 MB (19.0%)
2023-01-03 09:31:55.558 [ INFO] -   9.0 MB (20.5%)
2023-01-03 09:31:55.575 [ INFO] -   9.0 MB (21.9%)
2023-01-03 09:31:55.603 [ INFO] -   9.0 MB (23.4%)
2023-01-03 09:31:55.615 [ INFO] -   9.0 MB (24.8%)
2023-01-03 09:31:55.799 [ INFO] -   9.0 MB (26.3%)
2023-01-03 09:31:55.820 [ INFO] -   9.0 MB (27.8%)
2023-01-03 09:31:55.840 [ INFO] -   9.0 MB (29.2%)
2023-01-03 09:31:56.020 [ INFO] -   9.0 MB (30.7%)
2023-01-03 09:31:56.034 [ INFO] -   9.0 MB (32.2%)
2023-01-03 09:31:56.061 [ INFO] -   9.0 MB (33.6%)
2023-01-03 09:31:56.074 [ INFO] -   9.0 MB (35.1%)
2023-01-03 09:31:56.253 [ INFO] -   9.0 MB (36.5%)
2023-01-03 09:31:56.269 [ INFO] -   9.0 MB (38.0%)
2023-01-03 09:31:56.299 [ INFO] -   9.0 MB (39.5%)
2023-01-03 09:31:56.315 [ INFO] -   9.0 MB (40.9%)
2023-01-03 09:31:56.486 [ INFO] -   9.0 MB (42.4%)
2023-01-03 09:31:56.504 [ INFO] -   9.0 MB (43.9%)
2023-01-03 09:31:56.526 [ INFO] -   9.0 MB (45.3%)
2023-01-03 09:31:56.543 [ INFO] -   9.0 MB (46.8%)
2023-01-03 09:31:56.712 [ INFO] -   9.0 MB (48.2%)
2023-01-03 09:31:56.729 [ INFO] -   9.0 MB (49.7%)
2023-01-03 09:31:56.749 [ INFO] -   9.0 MB (51.2%)
2023-01-03 09:31:56.766 [ INFO] -   9.0 MB (52.6%)
2023-01-03 09:31:56.935 [ INFO] -   9.0 MB (54.1%)
2023-01-03 09:31:56.947 [ INFO] -   9.0 MB (55.5%)
2023-01-03 09:31:56.965 [ INFO] -   9.0 MB (57.0%)
2023-01-03 09:31:56.992 [ INFO] -   9.0 MB (58.5%)
2023-01-03 09:31:57.017 [ INFO] -   9.0 MB (59.9%)
2023-01-03 09:31:57.168 [ INFO] -   9.0 MB (61.4%)
2023-01-03 09:31:57.187 [ INFO] -   9.0 MB (62.9%)
2023-01-03 09:31:57.206 [ INFO] -   9.0 MB (64.3%)
2023-01-03 09:31:57.223 [ INFO] -   9.0 MB (65.8%)
2023-01-03 09:31:57.245 [ INFO] -   9.0 MB (67.2%)
2023-01-03 09:31:57.401 [ INFO] -   9.0 MB (68.7%)
2023-01-03 09:31:57.415 [ INFO] -   9.0 MB (70.2%)
2023-01-03 09:31:57.431 [ INFO] -   9.0 MB (71.6%)
2023-01-03 09:31:57.448 [ INFO] -   9.0 MB (73.1%)
2023-01-03 09:31:57.462 [ INFO] -   9.0 MB (74.5%)
2023-01-03 09:31:57.625 [ INFO] -   9.0 MB (76.0%)
2023-01-03 09:31:57.638 [ INFO] -   9.0 MB (77.5%)
2023-01-03 09:31:57.651 [ INFO] -   9.0 MB (78.9%)
2023-01-03 09:31:57.669 [ INFO] -   9.0 MB (80.4%)
2023-01-03 09:31:57.686 [ INFO] -   9.0 MB (81.9%)
2023-01-03 09:31:57.703 [ INFO] -   9.0 MB (83.3%)
2023-01-03 09:31:57.865 [ INFO] -   9.0 MB (84.8%)
2023-01-03 09:31:57.881 [ INFO] -   9.0 MB (86.2%)
2023-01-03 09:31:57.898 [ INFO] -   9.0 MB (87.7%)
2023-01-03 09:31:57.923 [ INFO] -   9.0 MB (89.2%)
2023-01-03 09:31:57.941 [ INFO] -   9.0 MB (90.6%)
2023-01-03 09:31:57.952 [ INFO] -   9.0 MB (92.1%)
2023-01-03 09:31:58.090 [ INFO] -   9.0 MB (93.5%)
2023-01-03 09:31:58.109 [ INFO] -   9.0 MB (95.0%)
2023-01-03 09:31:58.125 [ INFO] -   9.0 MB (96.5%)
2023-01-03 09:31:58.143 [ INFO] -   9.0 MB (97.9%)
2023-01-03 09:31:58.163 [ INFO] -   9.0 MB (99.4%)
2023-01-03 09:31:58.168 [ INFO] -   9.0 MB (100.0%)
2023-01-03 09:31:58.168 [ INFO] Processing  time : 0:00:23.244371
2023-01-03 09:31:58.168 [ INFO] Downloading time : 0:00:04.431325
2023-01-03 09:31:58.168 [ INFO] Total time       : 0:00:27.675696
2023-01-03 09:31:58.168 [ INFO] Download rate    : 1.6 MB/s
2023-01-03 09:31:58.231 [ INFO] Done
Hindcast data for 4 days ago already exists!
Done

---------------------------------------------------------------------------------------------

Checking forecast for 4 days ago...
Creating config file for 4 days ago...
Configs:{ 

[Main]  
user=lglasner
pwd=kpt6yrnsRvVm
motu=https://nrt.cmems-du.eu/motu-web/Motu  
service_id=GLOBAL_ANALYSISFORECAST_WAV_001_027-TDS
product_id=cmems_mod_glo_wav_anfc_0.083deg_PT3H-i
date_min=2022-12-30 00:00
date_max=2023-01-08 23:59
latitude_min=-40  
latitude_max=-15  
longitude_min=-80  
longitude_max=-70    
variable=VHM0,VTPK,VMDR
out_dir=. 
out_name=2022-12-30.nc   
log_level=20 




}
Forecast data for 4 days ago already exists!
Checking file integrity...
Forecast file isnt complete, downloading again...
2023-01-03 09:31:58.533 [ INFO] Asynchronous mode set
2023-01-03 09:31:58.534 [ INFO] Authenticating user lglasner for service https://nrt.cmems-du.eu/motu-web/Motu
2023-01-03 09:32:02.606 [ INFO] Requesting file to download (this can take a while)...
2023-01-03 09:32:09.526 [ INFO] Authenticating user lglasner for service https://nrt.cmems-du.eu/motu-web/Motu
2023-01-03 09:32:20.500 [ INFO] The product is ready for download
2023-01-03 09:32:20.500 [ INFO] Downloading file (this can take a while)...
2023-01-03 09:32:21.609 [ INFO] File type: application/x-netcdf
2023-01-03 09:32:21.609 [ INFO] File size: 10.7 MB (10715372 B)
2023-01-03 09:32:21.609 [ INFO] Downloading file /storage/lucas/FORECAST/MERCATOR/WAVES/2022-12-30.nc
2023-01-03 09:32:22.039 [ INFO] -  10.7 MB (1.2%)
2023-01-03 09:32:22.254 [ INFO] -  10.7 MB (2.4%)
2023-01-03 09:32:22.463 [ INFO] -  10.7 MB (3.7%)
2023-01-03 09:32:22.475 [ INFO] -  10.7 MB (4.9%)
2023-01-03 09:32:22.488 [ INFO] -  10.7 MB (6.1%)
2023-01-03 09:32:22.675 [ INFO] -  10.7 MB (7.3%)
2023-01-03 09:32:22.686 [ INFO] -  10.7 MB (8.6%)
2023-01-03 09:32:22.698 [ INFO] -  10.7 MB (9.8%)
2023-01-03 09:32:22.709 [ INFO] -  10.7 MB (11.0%)
2023-01-03 09:32:22.894 [ INFO] -  10.7 MB (12.2%)
2023-01-03 09:32:22.905 [ INFO] -  10.7 MB (13.5%)
2023-01-03 09:32:22.917 [ INFO] -  10.7 MB (14.7%)
2023-01-03 09:32:23.099 [ INFO] -  10.7 MB (15.9%)
2023-01-03 09:32:23.110 [ INFO] -  10.7 MB (17.1%)
2023-01-03 09:32:23.121 [ INFO] -  10.7 MB (18.3%)
2023-01-03 09:32:23.132 [ INFO] -  10.7 MB (19.6%)
2023-01-03 09:32:23.143 [ INFO] -  10.7 MB (20.8%)
2023-01-03 09:32:23.322 [ INFO] -  10.7 MB (22.0%)
2023-01-03 09:32:23.334 [ INFO] -  10.7 MB (23.2%)
2023-01-03 09:32:23.346 [ INFO] -  10.7 MB (24.5%)
2023-01-03 09:32:23.362 [ INFO] -  10.7 MB (25.7%)
2023-01-03 09:32:23.532 [ INFO] -  10.7 MB (26.9%)
2023-01-03 09:32:23.543 [ INFO] -  10.7 MB (28.1%)
2023-01-03 09:32:23.555 [ INFO] -  10.7 MB (29.4%)
2023-01-03 09:32:23.566 [ INFO] -  10.7 MB (30.6%)
2023-01-03 09:32:23.739 [ INFO] -  10.7 MB (31.8%)
2023-01-03 09:32:23.750 [ INFO] -  10.7 MB (33.0%)
2023-01-03 09:32:23.770 [ INFO] -  10.7 MB (34.3%)
2023-01-03 09:32:23.792 [ INFO] -  10.7 MB (35.5%)
2023-01-03 09:32:23.805 [ INFO] -  10.7 MB (36.7%)
2023-01-03 09:32:23.956 [ INFO] -  10.7 MB (37.9%)
2023-01-03 09:32:23.973 [ INFO] -  10.7 MB (39.1%)
2023-01-03 09:32:23.987 [ INFO] -  10.7 MB (40.4%)
2023-01-03 09:32:24.006 [ INFO] -  10.7 MB (41.6%)
2023-01-03 09:32:24.018 [ INFO] -  10.7 MB (42.8%)
2023-01-03 09:32:24.167 [ INFO] -  10.7 MB (44.0%)
2023-01-03 09:32:24.183 [ INFO] -  10.7 MB (45.3%)
2023-01-03 09:32:24.197 [ INFO] -  10.7 MB (46.5%)
2023-01-03 09:32:24.211 [ INFO] -  10.7 MB (47.7%)
2023-01-03 09:32:24.227 [ INFO] -  10.7 MB (48.9%)
2023-01-03 09:32:24.240 [ INFO] -  10.7 MB (50.2%)
2023-01-03 09:32:24.388 [ INFO] -  10.7 MB (51.4%)
2023-01-03 09:32:24.404 [ INFO] -  10.7 MB (52.6%)
2023-01-03 09:32:24.415 [ INFO] -  10.7 MB (53.8%)
2023-01-03 09:32:24.431 [ INFO] -  10.7 MB (55.0%)
2023-01-03 09:32:24.443 [ INFO] -  10.7 MB (56.3%)
2023-01-03 09:32:24.588 [ INFO] -  10.7 MB (57.5%)
2023-01-03 09:32:24.603 [ INFO] -  10.7 MB (58.7%)
2023-01-03 09:32:24.617 [ INFO] -  10.7 MB (59.9%)
2023-01-03 09:32:24.630 [ INFO] -  10.7 MB (61.2%)
2023-01-03 09:32:24.650 [ INFO] -  10.7 MB (62.4%)
2023-01-03 09:32:24.665 [ INFO] -  10.7 MB (63.6%)
2023-01-03 09:32:24.681 [ INFO] -  10.7 MB (64.8%)
2023-01-03 09:32:24.814 [ INFO] -  10.7 MB (66.1%)
2023-01-03 09:32:24.830 [ INFO] -  10.7 MB (67.3%)
2023-01-03 09:32:24.845 [ INFO] -  10.7 MB (68.5%)
2023-01-03 09:32:24.861 [ INFO] -  10.7 MB (69.7%)
2023-01-03 09:32:24.875 [ INFO] -  10.7 MB (70.9%)
2023-01-03 09:32:24.887 [ INFO] -  10.7 MB (72.2%)
2023-01-03 09:32:25.015 [ INFO] -  10.7 MB (73.4%)
2023-01-03 09:32:25.031 [ INFO] -  10.7 MB (74.6%)
2023-01-03 09:32:25.047 [ INFO] -  10.7 MB (75.8%)
2023-01-03 09:32:25.059 [ INFO] -  10.7 MB (77.1%)
2023-01-03 09:32:25.075 [ INFO] -  10.7 MB (78.3%)
2023-01-03 09:32:25.089 [ INFO] -  10.7 MB (79.5%)
2023-01-03 09:32:25.100 [ INFO] -  10.7 MB (80.7%)
2023-01-03 09:32:25.226 [ INFO] -  10.7 MB (82.0%)
2023-01-03 09:32:25.240 [ INFO] -  10.7 MB (83.2%)
2023-01-03 09:32:25.256 [ INFO] -  10.7 MB (84.4%)
2023-01-03 09:32:25.268 [ INFO] -  10.7 MB (85.6%)
2023-01-03 09:32:25.281 [ INFO] -  10.7 MB (86.8%)
2023-01-03 09:32:25.296 [ INFO] -  10.7 MB (88.1%)
2023-01-03 09:32:25.308 [ INFO] -  10.7 MB (89.3%)
2023-01-03 09:32:25.319 [ INFO] -  10.7 MB (90.5%)
2023-01-03 09:32:25.443 [ INFO] -  10.7 MB (91.7%)
2023-01-03 09:32:25.457 [ INFO] -  10.7 MB (93.0%)
2023-01-03 09:32:25.472 [ INFO] -  10.7 MB (94.2%)
2023-01-03 09:32:25.483 [ INFO] -  10.7 MB (95.4%)
2023-01-03 09:32:25.495 [ INFO] -  10.7 MB (96.6%)
2023-01-03 09:32:25.510 [ INFO] -  10.7 MB (97.9%)
2023-01-03 09:32:25.521 [ INFO] -  10.7 MB (99.1%)
2023-01-03 09:32:25.530 [ INFO] -  10.7 MB (100.0%)
2023-01-03 09:32:25.530 [ INFO] Processing  time : 0:00:23.076124
2023-01-03 09:32:25.530 [ INFO] Downloading time : 0:00:03.920767
2023-01-03 09:32:25.530 [ INFO] Total time       : 0:00:26.996891
2023-01-03 09:32:25.531 [ INFO] Download rate    : 2.1 MB/s
2023-01-03 09:32:25.575 [ INFO] Done
Hindcast data for 5 days ago already exists!
Done

---------------------------------------------------------------------------------------------

Checking forecast for 5 days ago...
Creating config file for 5 days ago...
Configs:{ 

[Main]  
user=lglasner
pwd=kpt6yrnsRvVm
motu=https://nrt.cmems-du.eu/motu-web/Motu  
service_id=GLOBAL_ANALYSISFORECAST_WAV_001_027-TDS
product_id=cmems_mod_glo_wav_anfc_0.083deg_PT3H-i
date_min=2022-12-29 00:00
date_max=2023-01-07 23:59
latitude_min=-40  
latitude_max=-15  
longitude_min=-80  
longitude_max=-70    
variable=VHM0,VTPK,VMDR
out_dir=. 
out_name=2022-12-29.nc   
log_level=20 




}
Forecast data for 5 days ago already exists!
Checking file integrity...
Forecast file isnt complete, downloading again...
2023-01-03 09:32:25.873 [ INFO] Asynchronous mode set
2023-01-03 09:32:25.873 [ INFO] Authenticating user lglasner for service https://nrt.cmems-du.eu/motu-web/Motu
2023-01-03 09:32:29.918 [ INFO] Requesting file to download (this can take a while)...
2023-01-03 09:32:37.057 [ INFO] Authenticating user lglasner for service https://nrt.cmems-du.eu/motu-web/Motu
2023-01-03 09:32:48.102 [ INFO] The product is ready for download
2023-01-03 09:32:48.102 [ INFO] Downloading file (this can take a while)...
2023-01-03 09:32:49.005 [ INFO] File type: application/x-netcdf
2023-01-03 09:32:49.005 [ INFO] File size: 12.5 MB (12463644 B)
2023-01-03 09:32:49.005 [ INFO] Downloading file /storage/lucas/FORECAST/MERCATOR/WAVES/2022-12-29.nc
2023-01-03 09:32:49.650 [ INFO] -  12.5 MB (1.1%)
2023-01-03 09:32:49.866 [ INFO] -  12.5 MB (2.1%)
2023-01-03 09:32:49.878 [ INFO] -  12.5 MB (3.2%)
2023-01-03 09:32:50.083 [ INFO] -  12.5 MB (4.2%)
2023-01-03 09:32:50.095 [ INFO] -  12.5 MB (5.3%)
2023-01-03 09:32:50.106 [ INFO] -  12.5 MB (6.3%)
2023-01-03 09:32:50.298 [ INFO] -  12.5 MB (7.4%)
2023-01-03 09:32:50.316 [ INFO] -  12.5 MB (8.4%)
2023-01-03 09:32:50.334 [ INFO] -  12.5 MB (9.5%)
2023-01-03 09:32:50.348 [ INFO] -  12.5 MB (10.5%)
2023-01-03 09:32:50.522 [ INFO] -  12.5 MB (11.6%)
2023-01-03 09:32:50.538 [ INFO] -  12.5 MB (12.6%)
2023-01-03 09:32:50.554 [ INFO] -  12.5 MB (13.7%)
2023-01-03 09:32:50.722 [ INFO] -  12.5 MB (14.7%)
2023-01-03 09:32:50.739 [ INFO] -  12.5 MB (15.8%)
2023-01-03 09:32:50.755 [ INFO] -  12.5 MB (16.8%)
2023-01-03 09:32:50.771 [ INFO] -  12.5 MB (17.9%)
2023-01-03 09:32:50.936 [ INFO] -  12.5 MB (18.9%)
2023-01-03 09:32:50.953 [ INFO] -  12.5 MB (20.0%)
2023-01-03 09:32:50.968 [ INFO] -  12.5 MB (21.0%)
2023-01-03 09:32:50.984 [ INFO] -  12.5 MB (22.1%)
2023-01-03 09:32:51.208 [ INFO] -  12.5 MB (23.1%)
2023-01-03 09:32:51.209 [ INFO] -  12.5 MB (24.2%)
2023-01-03 09:32:51.210 [ INFO] -  12.5 MB (25.2%)
2023-01-03 09:32:51.211 [ INFO] -  12.5 MB (26.3%)
2023-01-03 09:32:51.218 [ INFO] -  12.5 MB (27.3%)
2023-01-03 09:32:51.385 [ INFO] -  12.5 MB (28.4%)
2023-01-03 09:32:51.411 [ INFO] -  12.5 MB (29.4%)
2023-01-03 09:32:51.431 [ INFO] -  12.5 MB (30.5%)
2023-01-03 09:32:51.596 [ INFO] -  12.5 MB (31.5%)
2023-01-03 09:32:51.623 [ INFO] -  12.5 MB (32.6%)
2023-01-03 09:32:51.640 [ INFO] -  12.5 MB (33.7%)
2023-01-03 09:32:51.809 [ INFO] -  12.5 MB (34.7%)
2023-01-03 09:32:51.831 [ INFO] -  12.5 MB (35.8%)
2023-01-03 09:32:51.849 [ INFO] -  12.5 MB (36.8%)
2023-01-03 09:32:52.067 [ INFO] -  12.5 MB (37.9%)
2023-01-03 09:32:52.067 [ INFO] -  12.5 MB (38.9%)
2023-01-03 09:32:52.068 [ INFO] -  12.5 MB (40.0%)
2023-01-03 09:32:52.080 [ INFO] -  12.5 MB (41.0%)
2023-01-03 09:32:52.256 [ INFO] -  12.5 MB (42.1%)
2023-01-03 09:32:52.287 [ INFO] -  12.5 MB (43.1%)
2023-01-03 09:32:52.457 [ INFO] -  12.5 MB (44.2%)
2023-01-03 09:32:52.503 [ INFO] -  12.5 MB (45.2%)
2023-01-03 09:32:52.601 [ INFO] -  12.5 MB (46.3%)
2023-01-03 09:32:52.909 [ INFO] -  12.5 MB (47.3%)
2023-01-03 09:32:52.910 [ INFO] -  12.5 MB (48.4%)
2023-01-03 09:32:52.911 [ INFO] -  12.5 MB (49.4%)
2023-01-03 09:32:52.935 [ INFO] -  12.5 MB (50.5%)
2023-01-03 09:32:53.121 [ INFO] -  12.5 MB (51.5%)
2023-01-03 09:32:53.155 [ INFO] -  12.5 MB (52.6%)
2023-01-03 09:32:53.341 [ INFO] -  12.5 MB (53.6%)
2023-01-03 09:32:53.373 [ INFO] -  12.5 MB (54.7%)
2023-01-03 09:32:53.558 [ INFO] -  12.5 MB (55.7%)
2023-01-03 09:32:53.799 [ INFO] -  12.5 MB (56.8%)
2023-01-03 09:32:53.800 [ INFO] -  12.5 MB (57.8%)
2023-01-03 09:32:53.817 [ INFO] -  12.5 MB (58.9%)
2023-01-03 09:32:54.013 [ INFO] -  12.5 MB (59.9%)
2023-01-03 09:32:54.207 [ INFO] -  12.5 MB (61.0%)
2023-01-03 09:32:54.397 [ INFO] -  12.5 MB (62.0%)
2023-01-03 09:32:54.445 [ INFO] -  12.5 MB (63.1%)
2023-01-03 09:32:54.636 [ INFO] -  12.5 MB (64.1%)
2023-01-03 09:32:54.798 [ INFO] -  12.5 MB (65.2%)
2023-01-03 09:32:54.871 [ INFO] -  12.5 MB (66.3%)
2023-01-03 09:32:55.078 [ INFO] -  12.5 MB (67.3%)
2023-01-03 09:32:55.103 [ INFO] -  12.5 MB (68.4%)
2023-01-03 09:32:55.298 [ INFO] -  12.5 MB (69.4%)
2023-01-03 09:32:55.503 [ INFO] -  12.5 MB (70.5%)
2023-01-03 09:32:55.526 [ INFO] -  12.5 MB (71.5%)
2023-01-03 09:32:55.726 [ INFO] -  12.5 MB (72.6%)
2023-01-03 09:32:55.761 [ INFO] -  12.5 MB (73.6%)
2023-01-03 09:32:55.951 [ INFO] -  12.5 MB (74.7%)
2023-01-03 09:32:56.158 [ INFO] -  12.5 MB (75.7%)
2023-01-03 09:32:56.171 [ INFO] -  12.5 MB (76.8%)
2023-01-03 09:32:56.378 [ INFO] -  12.5 MB (77.8%)
2023-01-03 09:32:56.406 [ INFO] -  12.5 MB (78.9%)
2023-01-03 09:32:56.598 [ INFO] -  12.5 MB (79.9%)
2023-01-03 09:32:56.807 [ INFO] -  12.5 MB (81.0%)
2023-01-03 09:32:56.818 [ INFO] -  12.5 MB (82.0%)
2023-01-03 09:32:57.025 [ INFO] -  12.5 MB (83.1%)
2023-01-03 09:32:57.043 [ INFO] -  12.5 MB (84.1%)
2023-01-03 09:32:57.244 [ INFO] -  12.5 MB (85.2%)
2023-01-03 09:32:57.451 [ INFO] -  12.5 MB (86.2%)
2023-01-03 09:32:57.464 [ INFO] -  12.5 MB (87.3%)
2023-01-03 09:32:57.670 [ INFO] -  12.5 MB (88.3%)
2023-01-03 09:32:57.693 [ INFO] -  12.5 MB (89.4%)
2023-01-03 09:32:57.888 [ INFO] -  12.5 MB (90.4%)
2023-01-03 09:32:58.116 [ INFO] -  12.5 MB (91.5%)
2023-01-03 09:32:58.117 [ INFO] -  12.5 MB (92.5%)
2023-01-03 09:32:58.412 [ INFO] -  12.5 MB (93.6%)
2023-01-03 09:32:58.544 [ INFO] -  12.5 MB (94.6%)
2023-01-03 09:32:58.762 [ INFO] -  12.5 MB (95.7%)
2023-01-03 09:32:58.986 [ INFO] -  12.5 MB (96.8%)
2023-01-03 09:32:59.207 [ INFO] -  12.5 MB (97.8%)
2023-01-03 09:32:59.526 [ INFO] -  12.5 MB (98.9%)
2023-01-03 09:32:59.790 [ INFO] -  12.5 MB (99.9%)
2023-01-03 09:32:59.803 [ INFO] -  12.5 MB (100.0%)
2023-01-03 09:32:59.804 [ INFO] Processing  time : 0:00:23.132777
2023-01-03 09:32:59.804 [ INFO] Downloading time : 0:00:10.798322
2023-01-03 09:32:59.804 [ INFO] Total time       : 0:00:33.931099
2023-01-03 09:32:59.804 [ INFO] Download rate    : 1.1 MB/s
2023-01-03 09:32:59.804 [ INFO] Done
Hindcast data for 6 days ago already exists!
Done

---------------------------------------------------------------------------------------------

Checking forecast for 6 days ago...
Creating config file for 6 days ago...
Configs:{ 

[Main]  
user=lglasner
pwd=kpt6yrnsRvVm
motu=https://nrt.cmems-du.eu/motu-web/Motu  
service_id=GLOBAL_ANALYSISFORECAST_WAV_001_027-TDS
product_id=cmems_mod_glo_wav_anfc_0.083deg_PT3H-i
date_min=2022-12-28 00:00
date_max=2023-01-06 23:59
latitude_min=-40  
latitude_max=-15  
longitude_min=-80  
longitude_max=-70    
variable=VHM0,VTPK,VMDR
out_dir=. 
out_name=2022-12-28.nc   
log_level=20 




}
Forecast data for 6 days ago already exists!
Checking file integrity...
Forecast file isnt complete, downloading again...
2023-01-03 09:33:00.102 [ INFO] Asynchronous mode set
2023-01-03 09:33:00.103 [ INFO] Authenticating user lglasner for service https://nrt.cmems-du.eu/motu-web/Motu
2023-01-03 09:33:04.220 [ INFO] Requesting file to download (this can take a while)...
2023-01-03 09:33:11.166 [ INFO] Authenticating user lglasner for service https://nrt.cmems-du.eu/motu-web/Motu
2023-01-03 09:33:22.158 [ INFO] The product is ready for download
2023-01-03 09:33:22.159 [ INFO] Downloading file (this can take a while)...
2023-01-03 09:33:23.069 [ INFO] File type: application/x-netcdf
2023-01-03 09:33:23.070 [ INFO] File size: 14.2 MB (14211916 B)
2023-01-03 09:33:23.072 [ INFO] Downloading file /storage/lucas/FORECAST/MERCATOR/WAVES/2022-12-28.nc
2023-01-03 09:33:23.722 [ INFO] -  14.2 MB (1.4%)
2023-01-03 09:33:23.944 [ INFO] -  14.2 MB (2.8%)
2023-01-03 09:33:24.157 [ INFO] -  14.2 MB (4.2%)
2023-01-03 09:33:24.175 [ INFO] -  14.2 MB (5.5%)
2023-01-03 09:33:24.376 [ INFO] -  14.2 MB (6.9%)
2023-01-03 09:33:24.405 [ INFO] -  14.2 MB (8.3%)
2023-01-03 09:33:24.583 [ INFO] -  14.2 MB (9.7%)
2023-01-03 09:33:24.625 [ INFO] -  14.2 MB (11.1%)
2023-01-03 09:33:24.647 [ INFO] -  14.2 MB (12.5%)
2023-01-03 09:33:24.814 [ INFO] -  14.2 MB (13.8%)
2023-01-03 09:33:24.849 [ INFO] -  14.2 MB (15.2%)
2023-01-03 09:33:25.009 [ INFO] -  14.2 MB (16.6%)
2023-01-03 09:33:25.038 [ INFO] -  14.2 MB (18.0%)
2023-01-03 09:33:25.070 [ INFO] -  14.2 MB (19.4%)
2023-01-03 09:33:25.234 [ INFO] -  14.2 MB (20.8%)
2023-01-03 09:33:25.258 [ INFO] -  14.2 MB (22.1%)
2023-01-03 09:33:25.289 [ INFO] -  14.2 MB (23.5%)
2023-01-03 09:33:25.514 [ INFO] -  14.2 MB (24.9%)
2023-01-03 09:33:25.515 [ INFO] -  14.2 MB (26.3%)
2023-01-03 09:33:25.516 [ INFO] -  14.2 MB (27.7%)
2023-01-03 09:33:25.735 [ INFO] -  14.2 MB (29.1%)
2023-01-03 09:33:25.736 [ INFO] -  14.2 MB (30.4%)
2023-01-03 09:33:25.888 [ INFO] -  14.2 MB (31.8%)
2023-01-03 09:33:26.156 [ INFO] -  14.2 MB (33.2%)
2023-01-03 09:33:26.157 [ INFO] -  14.2 MB (34.6%)
2023-01-03 09:33:26.158 [ INFO] -  14.2 MB (36.0%)
2023-01-03 09:33:26.311 [ INFO] -  14.2 MB (37.4%)
2023-01-03 09:33:26.375 [ INFO] -  14.2 MB (38.7%)
2023-01-03 09:33:26.744 [ INFO] -  14.2 MB (40.1%)
2023-01-03 09:33:26.745 [ INFO] -  14.2 MB (41.5%)
2023-01-03 09:33:26.817 [ INFO] -  14.2 MB (42.9%)
2023-01-03 09:33:27.024 [ INFO] -  14.2 MB (44.3%)
2023-01-03 09:33:27.205 [ INFO] -  14.2 MB (45.7%)
2023-01-03 09:33:27.450 [ INFO] -  14.2 MB (47.0%)
2023-01-03 09:33:27.629 [ INFO] -  14.2 MB (48.4%)
2023-01-03 09:33:27.851 [ INFO] -  14.2 MB (49.8%)
2023-01-03 09:33:28.103 [ INFO] -  14.2 MB (51.2%)
2023-01-03 09:33:28.322 [ INFO] -  14.2 MB (52.6%)
2023-01-03 09:33:28.539 [ INFO] -  14.2 MB (54.0%)
2023-01-03 09:33:28.756 [ INFO] -  14.2 MB (55.3%)
2023-01-03 09:33:28.972 [ INFO] -  14.2 MB (56.7%)
2023-01-03 09:33:29.188 [ INFO] -  14.2 MB (58.1%)
2023-01-03 09:33:29.401 [ INFO] -  14.2 MB (59.5%)
2023-01-03 09:33:29.615 [ INFO] -  14.2 MB (60.9%)
2023-01-03 09:33:29.805 [ INFO] -  14.2 MB (62.3%)
2023-01-03 09:33:30.238 [ INFO] -  14.2 MB (63.6%)
2023-01-03 09:33:30.239 [ INFO] -  14.2 MB (65.0%)
2023-01-03 09:33:30.498 [ INFO] -  14.2 MB (66.4%)
2023-01-03 09:33:30.725 [ INFO] -  14.2 MB (67.8%)
2023-01-03 09:33:31.084 [ INFO] -  14.2 MB (69.2%)
2023-01-03 09:33:31.317 [ INFO] -  14.2 MB (70.6%)
2023-01-03 09:33:31.535 [ INFO] -  14.2 MB (71.9%)
2023-01-03 09:33:31.755 [ INFO] -  14.2 MB (73.3%)
2023-01-03 09:33:31.988 [ INFO] -  14.2 MB (74.7%)
2023-01-03 09:33:32.204 [ INFO] -  14.2 MB (76.1%)
2023-01-03 09:33:32.420 [ INFO] -  14.2 MB (77.5%)
2023-01-03 09:33:32.636 [ INFO] -  14.2 MB (78.9%)
2023-01-03 09:33:32.851 [ INFO] -  14.2 MB (80.2%)
2023-01-03 09:33:33.058 [ INFO] -  14.2 MB (81.6%)
2023-01-03 09:33:33.273 [ INFO] -  14.2 MB (83.0%)
2023-01-03 09:33:33.486 [ INFO] -  14.2 MB (84.4%)
2023-01-03 09:33:33.703 [ INFO] -  14.2 MB (85.8%)
2023-01-03 09:33:33.913 [ INFO] -  14.2 MB (87.2%)
2023-01-03 09:33:34.127 [ INFO] -  14.2 MB (88.5%)
2023-01-03 09:33:34.344 [ INFO] -  14.2 MB (89.9%)
2023-01-03 09:33:34.552 [ INFO] -  14.2 MB (91.3%)
2023-01-03 09:33:34.808 [ INFO] -  14.2 MB (92.7%)
2023-01-03 09:33:34.998 [ INFO] -  14.2 MB (94.1%)
2023-01-03 09:33:35.452 [ INFO] -  14.2 MB (95.5%)
2023-01-03 09:33:35.512 [ INFO] -  14.2 MB (96.8%)
2023-01-03 09:33:35.884 [ INFO] -  14.2 MB (98.2%)
2023-01-03 09:33:36.287 [ INFO] -  14.2 MB (99.6%)
2023-01-03 09:33:36.315 [ INFO] -  14.2 MB (100.0%)
2023-01-03 09:33:36.315 [ INFO] Processing  time : 0:00:22.969755
2023-01-03 09:33:36.315 [ INFO] Downloading time : 0:00:13.242660
2023-01-03 09:33:36.315 [ INFO] Total time       : 0:00:36.212415
2023-01-03 09:33:36.315 [ INFO] Download rate    : 1.0 MB/s
2023-01-03 09:33:36.319 [ INFO] Done
Hindcast data for 7 days ago already exists!
Done

---------------------------------------------------------------------------------------------

Checking forecast for 7 days ago...
Creating config file for 7 days ago...
Configs:{ 

[Main]  
user=lglasner
pwd=kpt6yrnsRvVm
motu=https://nrt.cmems-du.eu/motu-web/Motu  
service_id=GLOBAL_ANALYSISFORECAST_WAV_001_027-TDS
product_id=cmems_mod_glo_wav_anfc_0.083deg_PT3H-i
date_min=2022-12-27 00:00
date_max=2023-01-05 23:59
latitude_min=-40  
latitude_max=-15  
longitude_min=-80  
longitude_max=-70    
variable=VHM0,VTPK,VMDR
out_dir=. 
out_name=2022-12-27.nc   
log_level=20 




}
Forecast data for 7 days ago already exists!
Checking file integrity...
Forecast file isnt complete, downloading again...
2023-01-03 09:33:36.610 [ INFO] Asynchronous mode set
2023-01-03 09:33:36.610 [ INFO] Authenticating user lglasner for service https://nrt.cmems-du.eu/motu-web/Motu
2023-01-03 09:33:40.647 [ INFO] Requesting file to download (this can take a while)...
2023-01-03 09:33:47.598 [ INFO] Authenticating user lglasner for service https://nrt.cmems-du.eu/motu-web/Motu
2023-01-03 09:33:58.894 [ INFO] The product is ready for download
2023-01-03 09:33:58.894 [ INFO] Downloading file (this can take a while)...
2023-01-03 09:34:00.016 [ INFO] File type: application/x-netcdf
2023-01-03 09:34:00.016 [ INFO] File size: 16.0 MB (15960188 B)
2023-01-03 09:34:00.016 [ INFO] Downloading file /storage/lucas/FORECAST/MERCATOR/WAVES/2022-12-27.nc
2023-01-03 09:34:00.662 [ INFO] -  16.0 MB (1.2%)
2023-01-03 09:34:00.877 [ INFO] -  16.0 MB (2.5%)
2023-01-03 09:34:00.896 [ INFO] -  16.0 MB (3.7%)
2023-01-03 09:34:01.094 [ INFO] -  16.0 MB (4.9%)
2023-01-03 09:34:01.113 [ INFO] -  16.0 MB (6.2%)
2023-01-03 09:34:01.133 [ INFO] -  16.0 MB (7.4%)
2023-01-03 09:34:01.325 [ INFO] -  16.0 MB (8.6%)
2023-01-03 09:34:01.345 [ INFO] -  16.0 MB (9.9%)
2023-01-03 09:34:01.530 [ INFO] -  16.0 MB (11.1%)
2023-01-03 09:34:01.550 [ INFO] -  16.0 MB (12.3%)
2023-01-03 09:34:01.570 [ INFO] -  16.0 MB (13.6%)
2023-01-03 09:34:01.751 [ INFO] -  16.0 MB (14.8%)
2023-01-03 09:34:01.772 [ INFO] -  16.0 MB (16.0%)
2023-01-03 09:34:01.951 [ INFO] -  16.0 MB (17.2%)
2023-01-03 09:34:01.972 [ INFO] -  16.0 MB (18.5%)
2023-01-03 09:34:01.994 [ INFO] -  16.0 MB (19.7%)
2023-01-03 09:34:02.167 [ INFO] -  16.0 MB (20.9%)
2023-01-03 09:34:02.187 [ INFO] -  16.0 MB (22.2%)
2023-01-03 09:34:02.219 [ INFO] -  16.0 MB (23.4%)
2023-01-03 09:34:02.245 [ INFO] -  16.0 MB (24.6%)
2023-01-03 09:34:02.409 [ INFO] -  16.0 MB (25.9%)
2023-01-03 09:34:02.437 [ INFO] -  16.0 MB (27.1%)
2023-01-03 09:34:02.458 [ INFO] -  16.0 MB (28.3%)
2023-01-03 09:34:02.616 [ INFO] -  16.0 MB (29.6%)
2023-01-03 09:34:02.644 [ INFO] -  16.0 MB (30.8%)
2023-01-03 09:34:02.665 [ INFO] -  16.0 MB (32.0%)
2023-01-03 09:34:02.817 [ INFO] -  16.0 MB (33.3%)
2023-01-03 09:34:02.843 [ INFO] -  16.0 MB (34.5%)
2023-01-03 09:34:02.868 [ INFO] -  16.0 MB (35.7%)
2023-01-03 09:34:02.888 [ INFO] -  16.0 MB (37.0%)
2023-01-03 09:34:03.040 [ INFO] -  16.0 MB (38.2%)
2023-01-03 09:34:03.066 [ INFO] -  16.0 MB (39.4%)
2023-01-03 09:34:03.087 [ INFO] -  16.0 MB (40.7%)
2023-01-03 09:34:03.106 [ INFO] -  16.0 MB (41.9%)
2023-01-03 09:34:03.255 [ INFO] -  16.0 MB (43.1%)
2023-01-03 09:34:03.280 [ INFO] -  16.0 MB (44.3%)
2023-01-03 09:34:03.301 [ INFO] -  16.0 MB (45.6%)
2023-01-03 09:34:03.330 [ INFO] -  16.0 MB (46.8%)
2023-01-03 09:34:03.465 [ INFO] -  16.0 MB (48.0%)
2023-01-03 09:34:03.490 [ INFO] -  16.0 MB (49.3%)
2023-01-03 09:34:03.519 [ INFO] -  16.0 MB (50.5%)
2023-01-03 09:34:03.548 [ INFO] -  16.0 MB (51.7%)
2023-01-03 09:34:03.567 [ INFO] -  16.0 MB (53.0%)
2023-01-03 09:34:03.695 [ INFO] -  16.0 MB (54.2%)
2023-01-03 09:34:03.723 [ INFO] -  16.0 MB (55.4%)
2023-01-03 09:34:03.746 [ INFO] -  16.0 MB (56.7%)
2023-01-03 09:34:03.768 [ INFO] -  16.0 MB (57.9%)
2023-01-03 09:34:03.889 [ INFO] -  16.0 MB (59.1%)
2023-01-03 09:34:03.913 [ INFO] -  16.0 MB (60.4%)
2023-01-03 09:34:03.940 [ INFO] -  16.0 MB (61.6%)
2023-01-03 09:34:03.960 [ INFO] -  16.0 MB (62.8%)
2023-01-03 09:34:03.982 [ INFO] -  16.0 MB (64.1%)
2023-01-03 09:34:04.002 [ INFO] -  16.0 MB (65.3%)
2023-01-03 09:34:04.130 [ INFO] -  16.0 MB (66.5%)
2023-01-03 09:34:04.150 [ INFO] -  16.0 MB (67.8%)
2023-01-03 09:34:04.169 [ INFO] -  16.0 MB (69.0%)
2023-01-03 09:34:04.188 [ INFO] -  16.0 MB (70.2%)
2023-01-03 09:34:04.208 [ INFO] -  16.0 MB (71.4%)
2023-01-03 09:34:04.334 [ INFO] -  16.0 MB (72.7%)
2023-01-03 09:34:04.354 [ INFO] -  16.0 MB (73.9%)
2023-01-03 09:34:04.371 [ INFO] -  16.0 MB (75.1%)
2023-01-03 09:34:04.389 [ INFO] -  16.0 MB (76.4%)
2023-01-03 09:34:04.408 [ INFO] -  16.0 MB (77.6%)
2023-01-03 09:34:04.426 [ INFO] -  16.0 MB (78.8%)
2023-01-03 09:34:04.550 [ INFO] -  16.0 MB (80.1%)
2023-01-03 09:34:04.568 [ INFO] -  16.0 MB (81.3%)
2023-01-03 09:34:04.586 [ INFO] -  16.0 MB (82.5%)
2023-01-03 09:34:04.603 [ INFO] -  16.0 MB (83.8%)
2023-01-03 09:34:04.626 [ INFO] -  16.0 MB (85.0%)
2023-01-03 09:34:04.656 [ INFO] -  16.0 MB (86.2%)
2023-01-03 09:34:04.760 [ INFO] -  16.0 MB (87.5%)
2023-01-03 09:34:04.778 [ INFO] -  16.0 MB (88.7%)
2023-01-03 09:34:04.798 [ INFO] -  16.0 MB (89.9%)
2023-01-03 09:34:04.823 [ INFO] -  16.0 MB (91.2%)
2023-01-03 09:34:04.844 [ INFO] -  16.0 MB (92.4%)
2023-01-03 09:34:04.861 [ INFO] -  16.0 MB (93.6%)
2023-01-03 09:34:04.879 [ INFO] -  16.0 MB (94.9%)
2023-01-03 09:34:04.982 [ INFO] -  16.0 MB (96.1%)
2023-01-03 09:34:04.999 [ INFO] -  16.0 MB (97.3%)
2023-01-03 09:34:05.021 [ INFO] -  16.0 MB (98.5%)
2023-01-03 09:34:05.057 [ INFO] -  16.0 MB (99.8%)
2023-01-03 09:34:05.059 [ INFO] -  16.0 MB (100.0%)
2023-01-03 09:34:05.060 [ INFO] Processing  time : 0:00:23.406711
2023-01-03 09:34:05.060 [ INFO] Downloading time : 0:00:05.043362
2023-01-03 09:34:05.060 [ INFO] Total time       : 0:00:28.450073
2023-01-03 09:34:05.060 [ INFO] Download rate    : 2.6 MB/s
2023-01-03 09:34:05.082 [ INFO] Done
Hindcast data for 8 days ago already exists!
Done

---------------------------------------------------------------------------------------------

Checking forecast for 8 days ago...
Creating config file for 8 days ago...
Configs:{ 

[Main]  
user=lglasner
pwd=kpt6yrnsRvVm
motu=https://nrt.cmems-du.eu/motu-web/Motu  
service_id=GLOBAL_ANALYSISFORECAST_WAV_001_027-TDS
product_id=cmems_mod_glo_wav_anfc_0.083deg_PT3H-i
date_min=2022-12-26 00:00
date_max=2023-01-04 23:59
latitude_min=-40  
latitude_max=-15  
longitude_min=-80  
longitude_max=-70    
variable=VHM0,VTPK,VMDR
out_dir=. 
out_name=2022-12-26.nc   
log_level=20 




}
Forecast data for 8 days ago already exists!
Checking file integrity...
All good
Hindcast data for 9 days ago already exists!
Done

---------------------------------------------------------------------------------------------

Checking forecast for 9 days ago...
Creating config file for 9 days ago...
Configs:{ 

[Main]  
user=lglasner
pwd=kpt6yrnsRvVm
motu=https://nrt.cmems-du.eu/motu-web/Motu  
service_id=GLOBAL_ANALYSISFORECAST_WAV_001_027-TDS
product_id=cmems_mod_glo_wav_anfc_0.083deg_PT3H-i
date_min=2022-12-25 00:00
date_max=2023-01-03 23:59
latitude_min=-40  
latitude_max=-15  
longitude_min=-80  
longitude_max=-70    
variable=VHM0,VTPK,VMDR
out_dir=. 
out_name=2022-12-25.nc   
log_level=20 




}
Forecast data for 9 days ago already exists!
Checking file integrity...
All good
Hindcast data for 10 days ago already exists!
Done

---------------------------------------------------------------------------------------------

Checking forecast for 10 days ago...
Creating config file for 10 days ago...
Configs:{ 

[Main]  
user=lglasner
pwd=kpt6yrnsRvVm
motu=https://nrt.cmems-du.eu/motu-web/Motu  
service_id=GLOBAL_ANALYSISFORECAST_WAV_001_027-TDS
product_id=cmems_mod_glo_wav_anfc_0.083deg_PT3H-i
date_min=2022-12-24 00:00
date_max=2023-01-02 23:59
latitude_min=-40  
latitude_max=-15  
longitude_min=-80  
longitude_max=-70    
variable=VHM0,VTPK,VMDR
out_dir=. 
out_name=2022-12-24.nc   
log_level=20 




}
Forecast data for 10 days ago already exists!
Checking file integrity...
All good
Hindcast data for 11 days ago already exists!
Done
