---------------------------------------------------------------------------------------------

STARTING DOWNLOAD OF MERCATOR FORECAST
---------------------------------------------------------------------------------------------
Creating config file for today...
Configs:{ 

[Main]  
user=lglasner
pwd=kpt6yrnsRvVm
motu=https://nrt.cmems-du.eu/motu-web/Motu  
service_id=GLOBAL_ANALYSIS_FORECAST_PHY_001_024-TDS
product_id=global-analysis-forecast-phy-001-024-hourly-t-u-v-ssh
date_min=2022-10-22 00:00
date_max=2022-10-31 23:59
depth_min=0.494
depth_max=0.4941
latitude_min=-40  
latitude_max=-15  
longitude_min=-80  
longitude_max=-70    
variable=thetao,uo,vo,zos
out_dir=. 
out_name=2022-10-22.nc   
log_level=20 


}
Forecast for today already exists!
Checking forecast file integrity...
All good

Hindcast for today already exists!
Done


---------------------------------------------------------------------------------------------
Checking data for the last 10 days...

---------------------------------------------------------------------------------------------

Checking forecast for 1 days ago...
Creating config file for 1 days ago...
Configs:{ 

[Main]  
user=lglasner
pwd=kpt6yrnsRvVm
motu=https://nrt.cmems-du.eu/motu-web/Motu  
service_id=GLOBAL_ANALYSIS_FORECAST_PHY_001_024-TDS
product_id=global-analysis-forecast-phy-001-024-hourly-t-u-v-ssh
date_min=2022-10-21 00:00
date_max=2022-10-30 23:59
depth_min=0.494
depth_max=0.4941
latitude_min=-40  
latitude_max=-15  
longitude_min=-80  
longitude_max=-70    
variable=thetao,uo,vo,zos
out_dir=. 
out_name=2022-10-21.nc   
log_level=20 


}
Forecast data for 1 days ago already exists!
Checking file integrity...
All good
Hindcast data for 2 days ago already exists!
Done

---------------------------------------------------------------------------------------------

Checking forecast for 2 days ago...
Creating config file for 2 days ago...
Configs:{ 

[Main]  
user=lglasner
pwd=kpt6yrnsRvVm
motu=https://nrt.cmems-du.eu/motu-web/Motu  
service_id=GLOBAL_ANALYSIS_FORECAST_PHY_001_024-TDS
product_id=global-analysis-forecast-phy-001-024-hourly-t-u-v-ssh
date_min=2022-10-20 00:00
date_max=2022-10-29 23:59
depth_min=0.494
depth_max=0.4941
latitude_min=-40  
latitude_max=-15  
longitude_min=-80  
longitude_max=-70    
variable=thetao,uo,vo,zos
out_dir=. 
out_name=2022-10-20.nc   
log_level=20 


}
Forecast data for 2 days ago already exists!
Checking file integrity...
All good
Hindcast data for 3 days ago already exists!
Done

---------------------------------------------------------------------------------------------

Checking forecast for 3 days ago...
Creating config file for 3 days ago...
Configs:{ 

[Main]  
user=lglasner
pwd=kpt6yrnsRvVm
motu=https://nrt.cmems-du.eu/motu-web/Motu  
service_id=GLOBAL_ANALYSIS_FORECAST_PHY_001_024-TDS
product_id=global-analysis-forecast-phy-001-024-hourly-t-u-v-ssh
date_min=2022-10-19 00:00
date_max=2022-10-28 23:59
depth_min=0.494
depth_max=0.4941
latitude_min=-40  
latitude_max=-15  
longitude_min=-80  
longitude_max=-70    
variable=thetao,uo,vo,zos
out_dir=. 
out_name=2022-10-19.nc   
log_level=20 


}
Forecast data for 3 days ago already exists!
Checking file integrity...
All good
Hindcast data for 4 days ago already exists!
Done

---------------------------------------------------------------------------------------------

Checking forecast for 4 days ago...
Creating config file for 4 days ago...
Configs:{ 

[Main]  
user=lglasner
pwd=kpt6yrnsRvVm
motu=https://nrt.cmems-du.eu/motu-web/Motu  
service_id=GLOBAL_ANALYSIS_FORECAST_PHY_001_024-TDS
product_id=global-analysis-forecast-phy-001-024-hourly-t-u-v-ssh
date_min=2022-10-18 00:00
date_max=2022-10-27 23:59
depth_min=0.494
depth_max=0.4941
latitude_min=-40  
latitude_max=-15  
longitude_min=-80  
longitude_max=-70    
variable=thetao,uo,vo,zos
out_dir=. 
out_name=2022-10-18.nc   
log_level=20 


}
Forecast data for 4 days ago already exists!
Checking file integrity...
All good
Hindcast data for 5 days ago already exists!
Done

---------------------------------------------------------------------------------------------

Checking forecast for 5 days ago...
Creating config file for 5 days ago...
Configs:{ 

[Main]  
user=lglasner
pwd=kpt6yrnsRvVm
motu=https://nrt.cmems-du.eu/motu-web/Motu  
service_id=GLOBAL_ANALYSIS_FORECAST_PHY_001_024-TDS
product_id=global-analysis-forecast-phy-001-024-hourly-t-u-v-ssh
date_min=2022-10-17 00:00
date_max=2022-10-26 23:59
depth_min=0.494
depth_max=0.4941
latitude_min=-40  
latitude_max=-15  
longitude_min=-80  
longitude_max=-70    
variable=thetao,uo,vo,zos
out_dir=. 
out_name=2022-10-17.nc   
log_level=20 


}
Forecast data for 5 days ago already exists!
Checking file integrity...
All good
Hindcast data for 6 days ago already exists!
Done

---------------------------------------------------------------------------------------------

Checking forecast for 6 days ago...
Creating config file for 6 days ago...
Configs:{ 

[Main]  
user=lglasner
pwd=kpt6yrnsRvVm
motu=https://nrt.cmems-du.eu/motu-web/Motu  
service_id=GLOBAL_ANALYSIS_FORECAST_PHY_001_024-TDS
product_id=global-analysis-forecast-phy-001-024-hourly-t-u-v-ssh
date_min=2022-10-16 00:00
date_max=2022-10-25 23:59
depth_min=0.494
depth_max=0.4941
latitude_min=-40  
latitude_max=-15  
longitude_min=-80  
longitude_max=-70    
variable=thetao,uo,vo,zos
out_dir=. 
out_name=2022-10-16.nc   
log_level=20 


}
Forecast data for 6 days ago already exists!
Checking file integrity...
All good
Hindcast data for 7 days ago already exists!
Done

---------------------------------------------------------------------------------------------

Checking forecast for 7 days ago...
Creating config file for 7 days ago...
Configs:{ 

[Main]  
user=lglasner
pwd=kpt6yrnsRvVm
motu=https://nrt.cmems-du.eu/motu-web/Motu  
service_id=GLOBAL_ANALYSIS_FORECAST_PHY_001_024-TDS
product_id=global-analysis-forecast-phy-001-024-hourly-t-u-v-ssh
date_min=2022-10-15 00:00
date_max=2022-10-24 23:59
depth_min=0.494
depth_max=0.4941
latitude_min=-40  
latitude_max=-15  
longitude_min=-80  
longitude_max=-70    
variable=thetao,uo,vo,zos
out_dir=. 
out_name=2022-10-15.nc   
log_level=20 


}
Forecast data for 7 days ago already exists!
Checking file integrity...
All good
Hindcast data for 8 days ago already exists!
Done

---------------------------------------------------------------------------------------------

Checking forecast for 8 days ago...
Creating config file for 8 days ago...
Configs:{ 

[Main]  
user=lglasner
pwd=kpt6yrnsRvVm
motu=https://nrt.cmems-du.eu/motu-web/Motu  
service_id=GLOBAL_ANALYSIS_FORECAST_PHY_001_024-TDS
product_id=global-analysis-forecast-phy-001-024-hourly-t-u-v-ssh
date_min=2022-10-14 00:00
date_max=2022-10-23 23:59
depth_min=0.494
depth_max=0.4941
latitude_min=-40  
latitude_max=-15  
longitude_min=-80  
longitude_max=-70    
variable=thetao,uo,vo,zos
out_dir=. 
out_name=2022-10-14.nc   
log_level=20 


}
Forecast data for 8 days ago already exists!
Checking file integrity...
All good
Hindcast data for 9 days ago already exists!
Done

---------------------------------------------------------------------------------------------

Checking forecast for 9 days ago...
Creating config file for 9 days ago...
Configs:{ 

[Main]  
user=lglasner
pwd=kpt6yrnsRvVm
motu=https://nrt.cmems-du.eu/motu-web/Motu  
service_id=GLOBAL_ANALYSIS_FORECAST_PHY_001_024-TDS
product_id=global-analysis-forecast-phy-001-024-hourly-t-u-v-ssh
date_min=2022-10-13 00:00
date_max=2022-10-22 23:59
depth_min=0.494
depth_max=0.4941
latitude_min=-40  
latitude_max=-15  
longitude_min=-80  
longitude_max=-70    
variable=thetao,uo,vo,zos
out_dir=. 
out_name=2022-10-13.nc   
log_level=20 


}
Forecast data for 9 days ago already exists!
Checking file integrity...
All good
Hindcast data for 10 days ago already exists!
Done

---------------------------------------------------------------------------------------------

Checking forecast for 10 days ago...
Creating config file for 10 days ago...
Configs:{ 

[Main]  
user=lglasner
pwd=kpt6yrnsRvVm
motu=https://nrt.cmems-du.eu/motu-web/Motu  
service_id=GLOBAL_ANALYSIS_FORECAST_PHY_001_024-TDS
product_id=global-analysis-forecast-phy-001-024-hourly-t-u-v-ssh
date_min=2022-10-12 00:00
date_max=2022-10-21 23:59
depth_min=0.494
depth_max=0.4941
latitude_min=-40  
latitude_max=-15  
longitude_min=-80  
longitude_max=-70    
variable=thetao,uo,vo,zos
out_dir=. 
out_name=2022-10-12.nc   
log_level=20 


}
Forecast data for 10 days ago already exists!
Checking file integrity...
All good
Hindcast data for 11 days ago already exists!
Done
